# JRE version: Java(TM) SE Runtime Environment (8.0_202-b08) (build 1.8.0_202-b08)
# Java VM: Java HotSpot(TM) 64-Bit Server VM (25.202-b08 mixed mode windows-amd64 compressed oops)
Heap:
 PSYoungGen      total 81920K, used 36138K [0x00000000e0700000, 0x00000000e7300000, 0x0000000100000000)
  eden space 75776K, 39% used [0x00000000e0700000,0x00000000e244e938,0x00000000e5100000)
  from space 6144K, 99% used [0x00000000e6d00000,0x00000000e72fc288,0x00000000e7300000)
  to   space 7680K, 0% used [0x00000000e6400000,0x00000000e6400000,0x00000000e6b80000)
 ParOldGen       total 44032K, used 7701K [0x00000000a1400000, 0x00000000a3f00000, 0x00000000e0700000)
  object space 44032K, 17% used [0x00000000a1400000,0x00000000a1b85758,0x00000000a3f00000)
 Metaspace       used 29801K, capacity 31260K, committed 31360K, reserved 1077248K
  class space    used 3824K, capacity 4156K, committed 4224K, reserved 1048576K
GC Heap History (10 events):
Event: 2.012 GC heap before
{Heap before GC invocations=3 (full 0):
 PSYoungGen      total 28672K, used 28661K [0x00000000e0700000, 0x00000000e2700000, 0x0000000100000000)
  eden space 24576K, 100% used [0x00000000e0700000,0x00000000e1f00000,0x00000000e1f00000)
  from space 4096K, 99% used [0x00000000e2300000,0x00000000e26fd580,0x00000000e2700000)
  to   space 4096K, 0% used [0x00000000e1f00000,0x00000000e1f00000,0x00000000e2300000)
 ParOldGen       total 65536K, used 1875K [0x00000000a1400000, 0x00000000a5400000, 0x00000000e0700000)
  object space 65536K, 2% used [0x00000000a1400000,0x00000000a15d4e28,0x00000000a5400000)
 Metaspace       used 15633K, capacity 16274K, committed 16512K, reserved 1062912K
  class space    used 1881K, capacity 2063K, committed 2176K, reserved 1048576K
Event: 2.016 GC heap after
Heap after GC invocations=3 (full 0):
 PSYoungGen      total 28672K, used 4066K [0x00000000e0700000, 0x00000000e3f00000, 0x0000000100000000)
  eden space 24576K, 0% used [0x00000000e0700000,0x00000000e0700000,0x00000000e1f00000)
  from space 4096K, 99% used [0x00000000e1f00000,0x00000000e22f89f0,0x00000000e2300000)
  to   space 4096K, 0% used [0x00000000e3b00000,0x00000000e3b00000,0x00000000e3f00000)
 ParOldGen       total 65536K, used 2738K [0x00000000a1400000, 0x00000000a5400000, 0x00000000e0700000)
  object space 65536K, 4% used [0x00000000a1400000,0x00000000a16acb48,0x00000000a5400000)
 Metaspace       used 15633K, capacity 16274K, committed 16512K, reserved 1062912K
  class space    used 1881K, capacity 2063K, committed 2176K, reserved 1048576K
}
Event: 2.349 GC heap before
{Heap before GC invocations=4 (full 0):
 PSYoungGen      total 28672K, used 28642K [0x00000000e0700000, 0x00000000e3f00000, 0x0000000100000000)
  eden space 24576K, 100% used [0x00000000e0700000,0x00000000e1f00000,0x00000000e1f00000)
  from space 4096K, 99% used [0x00000000e1f00000,0x00000000e22f89f0,0x00000000e2300000)
  to   space 4096K, 0% used [0x00000000e3b00000,0x00000000e3b00000,0x00000000e3f00000)
 ParOldGen       total 65536K, used 2738K [0x00000000a1400000, 0x00000000a5400000, 0x00000000e0700000)
  object space 65536K, 4% used [0x00000000a1400000,0x00000000a16acb48,0x00000000a5400000)
 Metaspace       used 17570K, capacity 18416K, committed 18560K, reserved 1064960K
  class space    used 2151K, capacity 2370K, committed 2432K, reserved 1048576K
Event: 2.355 GC heap after
Heap after GC invocations=4 (full 0):
 PSYoungGen      total 53248K, used 4087K [0x00000000e0700000, 0x00000000e3f00000, 0x0000000100000000)
  eden space 49152K, 0% used [0x00000000e0700000,0x00000000e0700000,0x00000000e3700000)
  from space 4096K, 99% used [0x00000000e3b00000,0x00000000e3efdf48,0x00000000e3f00000)
  to   space 4096K, 0% used [0x00000000e3700000,0x00000000e3700000,0x00000000e3b00000)
 ParOldGen       total 65536K, used 4133K [0x00000000a1400000, 0x00000000a5400000, 0x00000000e0700000)
  object space 65536K, 6% used [0x00000000a1400000,0x00000000a1809668,0x00000000a5400000)
 Metaspace       used 17570K, capacity 18416K, committed 18560K, reserved 1064960K
  class space    used 2151K, capacity 2370K, committed 2432K, reserved 1048576K
}
Event: 2.972 GC heap before
{Heap before GC invocations=5 (full 0):
 PSYoungGen      total 53248K, used 22606K [0x00000000e0700000, 0x00000000e3f00000, 0x0000000100000000)
  eden space 49152K, 37% used [0x00000000e0700000,0x00000000e1915a00,0x00000000e3700000)
  from space 4096K, 99% used [0x00000000e3b00000,0x00000000e3efdf48,0x00000000e3f00000)
  to   space 4096K, 0% used [0x00000000e3700000,0x00000000e3700000,0x00000000e3b00000)
 ParOldGen       total 65536K, used 4133K [0x00000000a1400000, 0x00000000a5400000, 0x00000000e0700000)
  object space 65536K, 6% used [0x00000000a1400000,0x00000000a1809668,0x00000000a5400000)
 Metaspace       used 20262K, capacity 21136K, committed 21296K, reserved 1069056K
  class space    used 2470K, capacity 2686K, committed 2688K, reserved 1048576K
Event: 2.979 GC heap after
Heap after GC invocations=5 (full 0):
 PSYoungGen      total 53248K, used 4087K [0x00000000e0700000, 0x00000000e7300000, 0x0000000100000000)
  eden space 49152K, 0% used [0x00000000e0700000,0x00000000e0700000,0x00000000e3700000)
  from space 4096K, 99% used [0x00000000e3700000,0x00000000e3afdf48,0x00000000e3b00000)
  to   space 6144K, 0% used [0x00000000e6d00000,0x00000000e6d00000,0x00000000e7300000)
 ParOldGen       total 65536K, used 6099K [0x00000000a1400000, 0x00000000a5400000, 0x00000000e0700000)
  object space 65536K, 9% used [0x00000000a1400000,0x00000000a19f4ce8,0x00000000a5400000)
 Metaspace       used 20262K, capacity 21136K, committed 21296K, reserved 1069056K
  class space    used 2470K, capacity 2686K, committed 2688K, reserved 1048576K
}
Event: 2.979 GC heap before
{Heap before GC invocations=6 (full 1):
 PSYoungGen      total 53248K, used 4087K [0x00000000e0700000, 0x00000000e7300000, 0x0000000100000000)
  eden space 49152K, 0% used [0x00000000e0700000,0x00000000e0700000,0x00000000e3700000)
  from space 4096K, 99% used [0x00000000e3700000,0x00000000e3afdf48,0x00000000e3b00000)
  to   space 6144K, 0% used [0x00000000e6d00000,0x00000000e6d00000,0x00000000e7300000)
 ParOldGen       total 65536K, used 6099K [0x00000000a1400000, 0x00000000a5400000, 0x00000000e0700000)
  object space 65536K, 9% used [0x00000000a1400000,0x00000000a19f4ce8,0x00000000a5400000)
 Metaspace       used 20262K, capacity 21136K, committed 21296K, reserved 1069056K
  class space    used 2470K, capacity 2686K, committed 2688K, reserved 1048576K
Event: 3.011 GC heap after
Heap after GC invocations=6 (full 1):
 PSYoungGen      total 53248K, used 0K [0x00000000e0700000, 0x00000000e7300000, 0x0000000100000000)
  eden space 49152K, 0% used [0x00000000e0700000,0x00000000e0700000,0x00000000e3700000)
  from space 4096K, 0% used [0x00000000e3700000,0x00000000e3700000,0x00000000e3b00000)
  to   space 6144K, 0% used [0x00000000e6d00000,0x00000000e6d00000,0x00000000e7300000)
 ParOldGen       total 44032K, used 6010K [0x00000000a1400000, 0x00000000a3f00000, 0x00000000e0700000)
  object space 44032K, 13% used [0x00000000a1400000,0x00000000a19deaf8,0x00000000a3f00000)
 Metaspace       used 20262K, capacity 21136K, committed 21296K, reserved 1069056K
  class space    used 2470K, capacity 2686K, committed 2688K, reserved 1048576K
}
Event: 3.854 GC heap before
{Heap before GC invocations=7 (full 1):
 PSYoungGen      total 53248K, used 49150K [0x00000000e0700000, 0x00000000e7300000, 0x0000000100000000)
  eden space 49152K, 99% used [0x00000000e0700000,0x00000000e36ffa40,0x00000000e3700000)
  from space 4096K, 0% used [0x00000000e3700000,0x00000000e3700000,0x00000000e3b00000)
  to   space 6144K, 0% used [0x00000000e6d00000,0x00000000e6d00000,0x00000000e7300000)
 ParOldGen       total 44032K, used 6010K [0x00000000a1400000, 0x00000000a3f00000, 0x00000000e0700000)
  object space 44032K, 13% used [0x00000000a1400000,0x00000000a19deaf8,0x00000000a3f00000)
 Metaspace       used 25919K, capacity 27010K, committed 27136K, reserved 1073152K
  class space    used 3244K, capacity 3519K, committed 3584K, reserved 1048576K
Event: 3.863 GC heap after
Heap after GC invocations=7 (full 1):
 PSYoungGen      total 81920K, used 6128K [0x00000000e0700000, 0x00000000e7300000, 0x0000000100000000)
  eden space 75776K, 0% used [0x00000000e0700000,0x00000000e0700000,0x00000000e5100000)
  from space 6144K, 99% used [0x00000000e6d00000,0x00000000e72fc288,0x00000000e7300000)
  to   space 7680K, 0% used [0x00000000e6400000,0x00000000e6400000,0x00000000e6b80000)
 ParOldGen       total 44032K, used 7701K [0x00000000a1400000, 0x00000000a3f00000, 0x00000000e0700000)
  object space 44032K, 17% used [0x00000000a1400000,0x00000000a1b85758,0x00000000a3f00000)
 Metaspace       used 25919K, capacity 27010K, committed 27136K, reserved 1073152K
  class space    used 3244K, capacity 3519K, committed 3584K, reserved 1048576K
}

