# JRE version: Java(TM) SE Runtime Environment (8.0_202-b08) (build 1.8.0_202-b08)
# Java VM: Java HotSpot(TM) 64-Bit Server VM (25.202-b08 mixed mode windows-amd64 compressed oops)
Heap:
 PSYoungGen      total 81408K, used 37686K [0x00000000e0700000, 0x00000000e7300000, 0x0000000100000000)
  eden space 75264K, 41% used [0x00000000e0700000,0x00000000e25d2240,0x00000000e5080000)
  from space 6144K, 99% used [0x00000000e6d00000,0x00000000e72fb8e8,0x00000000e7300000)
  to   space 7680K, 0% used [0x00000000e6400000,0x00000000e6400000,0x00000000e6b80000)
 ParOldGen       total 44544K, used 7754K [0x00000000a1400000, 0x00000000a3f80000, 0x00000000e0700000)
  object space 44544K, 17% used [0x00000000a1400000,0x00000000a1b928d8,0x00000000a3f80000)
 Metaspace       used 29740K, capacity 31190K, committed 31360K, reserved 1077248K
  class space    used 3809K, capacity 4155K, committed 4224K, reserved 1048576K
GC Heap History (10 events):
Event: 2.078 GC heap before
{Heap before GC invocations=3 (full 0):
 PSYoungGen      total 28672K, used 28668K [0x00000000e0700000, 0x00000000e2700000, 0x0000000100000000)
  eden space 24576K, 100% used [0x00000000e0700000,0x00000000e1f00000,0x00000000e1f00000)
  from space 4096K, 99% used [0x00000000e2300000,0x00000000e26ff2d0,0x00000000e2700000)
  to   space 4096K, 0% used [0x00000000e1f00000,0x00000000e1f00000,0x00000000e2300000)
 ParOldGen       total 65536K, used 1922K [0x00000000a1400000, 0x00000000a5400000, 0x00000000e0700000)
  object space 65536K, 2% used [0x00000000a1400000,0x00000000a15e0948,0x00000000a5400000)
 Metaspace       used 15622K, capacity 16260K, committed 16512K, reserved 1062912K
  class space    used 1880K, capacity 2060K, committed 2176K, reserved 1048576K
Event: 2.083 GC heap after
Heap after GC invocations=3 (full 0):
 PSYoungGen      total 28672K, used 4091K [0x00000000e0700000, 0x00000000e3f00000, 0x0000000100000000)
  eden space 24576K, 0% used [0x00000000e0700000,0x00000000e0700000,0x00000000e1f00000)
  from space 4096K, 99% used [0x00000000e1f00000,0x00000000e22feeb0,0x00000000e2300000)
  to   space 4096K, 0% used [0x00000000e3b00000,0x00000000e3b00000,0x00000000e3f00000)
 ParOldGen       total 65536K, used 2792K [0x00000000a1400000, 0x00000000a5400000, 0x00000000e0700000)
  object space 65536K, 4% used [0x00000000a1400000,0x00000000a16ba330,0x00000000a5400000)
 Metaspace       used 15622K, capacity 16260K, committed 16512K, reserved 1062912K
  class space    used 1880K, capacity 2060K, committed 2176K, reserved 1048576K
}
Event: 2.423 GC heap before
{Heap before GC invocations=4 (full 0):
 PSYoungGen      total 28672K, used 28667K [0x00000000e0700000, 0x00000000e3f00000, 0x0000000100000000)
  eden space 24576K, 100% used [0x00000000e0700000,0x00000000e1f00000,0x00000000e1f00000)
  from space 4096K, 99% used [0x00000000e1f00000,0x00000000e22feeb0,0x00000000e2300000)
  to   space 4096K, 0% used [0x00000000e3b00000,0x00000000e3b00000,0x00000000e3f00000)
 ParOldGen       total 65536K, used 2792K [0x00000000a1400000, 0x00000000a5400000, 0x00000000e0700000)
  object space 65536K, 4% used [0x00000000a1400000,0x00000000a16ba330,0x00000000a5400000)
 Metaspace       used 17569K, capacity 18440K, committed 18560K, reserved 1064960K
  class space    used 2155K, capacity 2376K, committed 2432K, reserved 1048576K
Event: 2.429 GC heap after
Heap after GC invocations=4 (full 0):
 PSYoungGen      total 53248K, used 4087K [0x00000000e0700000, 0x00000000e3f00000, 0x0000000100000000)
  eden space 49152K, 0% used [0x00000000e0700000,0x00000000e0700000,0x00000000e3700000)
  from space 4096K, 99% used [0x00000000e3b00000,0x00000000e3efdf68,0x00000000e3f00000)
  to   space 4096K, 0% used [0x00000000e3700000,0x00000000e3700000,0x00000000e3b00000)
 ParOldGen       total 65536K, used 4120K [0x00000000a1400000, 0x00000000a5400000, 0x00000000e0700000)
  object space 65536K, 6% used [0x00000000a1400000,0x00000000a1806168,0x00000000a5400000)
 Metaspace       used 17569K, capacity 18440K, committed 18560K, reserved 1064960K
  class space    used 2155K, capacity 2376K, committed 2432K, reserved 1048576K
}
Event: 3.041 GC heap before
{Heap before GC invocations=5 (full 0):
 PSYoungGen      total 53248K, used 22633K [0x00000000e0700000, 0x00000000e3f00000, 0x0000000100000000)
  eden space 49152K, 37% used [0x00000000e0700000,0x00000000e191c730,0x00000000e3700000)
  from space 4096K, 99% used [0x00000000e3b00000,0x00000000e3efdf68,0x00000000e3f00000)
  to   space 4096K, 0% used [0x00000000e3700000,0x00000000e3700000,0x00000000e3b00000)
 ParOldGen       total 65536K, used 4120K [0x00000000a1400000, 0x00000000a5400000, 0x00000000e0700000)
  object space 65536K, 6% used [0x00000000a1400000,0x00000000a1806168,0x00000000a5400000)
 Metaspace       used 20232K, capacity 21136K, committed 21296K, reserved 1069056K
  class space    used 2470K, capacity 2686K, committed 2688K, reserved 1048576K
Event: 3.048 GC heap after
Heap after GC invocations=5 (full 0):
 PSYoungGen      total 53248K, used 4087K [0x00000000e0700000, 0x00000000e7300000, 0x0000000100000000)
  eden space 49152K, 0% used [0x00000000e0700000,0x00000000e0700000,0x00000000e3700000)
  from space 4096K, 99% used [0x00000000e3700000,0x00000000e3afdf48,0x00000000e3b00000)
  to   space 6144K, 0% used [0x00000000e6d00000,0x00000000e6d00000,0x00000000e7300000)
 ParOldGen       total 65536K, used 6075K [0x00000000a1400000, 0x00000000a5400000, 0x00000000e0700000)
  object space 65536K, 9% used [0x00000000a1400000,0x00000000a19eed10,0x00000000a5400000)
 Metaspace       used 20232K, capacity 21136K, committed 21296K, reserved 1069056K
  class space    used 2470K, capacity 2686K, committed 2688K, reserved 1048576K
}
Event: 3.048 GC heap before
{Heap before GC invocations=6 (full 1):
 PSYoungGen      total 53248K, used 4087K [0x00000000e0700000, 0x00000000e7300000, 0x0000000100000000)
  eden space 49152K, 0% used [0x00000000e0700000,0x00000000e0700000,0x00000000e3700000)
  from space 4096K, 99% used [0x00000000e3700000,0x00000000e3afdf48,0x00000000e3b00000)
  to   space 6144K, 0% used [0x00000000e6d00000,0x00000000e6d00000,0x00000000e7300000)
 ParOldGen       total 65536K, used 6075K [0x00000000a1400000, 0x00000000a5400000, 0x00000000e0700000)
  object space 65536K, 9% used [0x00000000a1400000,0x00000000a19eed10,0x00000000a5400000)
 Metaspace       used 20232K, capacity 21136K, committed 21296K, reserved 1069056K
  class space    used 2470K, capacity 2686K, committed 2688K, reserved 1048576K
Event: 3.080 GC heap after
Heap after GC invocations=6 (full 1):
 PSYoungGen      total 53248K, used 0K [0x00000000e0700000, 0x00000000e7300000, 0x0000000100000000)
  eden space 49152K, 0% used [0x00000000e0700000,0x00000000e0700000,0x00000000e3700000)
  from space 4096K, 0% used [0x00000000e3700000,0x00000000e3700000,0x00000000e3b00000)
  to   space 6144K, 0% used [0x00000000e6d00000,0x00000000e6d00000,0x00000000e7300000)
 ParOldGen       total 44544K, used 5991K [0x00000000a1400000, 0x00000000a3f80000, 0x00000000e0700000)
  object space 44544K, 13% used [0x00000000a1400000,0x00000000a19d9f50,0x00000000a3f80000)
 Metaspace       used 20232K, capacity 21136K, committed 21296K, reserved 1069056K
  class space    used 2470K, capacity 2686K, committed 2688K, reserved 1048576K
}
Event: 3.816 GC heap before
{Heap before GC invocations=7 (full 1):
 PSYoungGen      total 53248K, used 49152K [0x00000000e0700000, 0x00000000e7300000, 0x0000000100000000)
  eden space 49152K, 100% used [0x00000000e0700000,0x00000000e3700000,0x00000000e3700000)
  from space 4096K, 0% used [0x00000000e3700000,0x00000000e3700000,0x00000000e3b00000)
  to   space 6144K, 0% used [0x00000000e6d00000,0x00000000e6d00000,0x00000000e7300000)
 ParOldGen       total 44544K, used 5991K [0x00000000a1400000, 0x00000000a3f80000, 0x00000000e0700000)
  object space 44544K, 13% used [0x00000000a1400000,0x00000000a19d9f50,0x00000000a3f80000)
 Metaspace       used 25942K, capacity 27070K, committed 27392K, reserved 1073152K
  class space    used 3242K, capacity 3519K, committed 3584K, reserved 1048576K
Event: 3.824 GC heap after
Heap after GC invocations=7 (full 1):
 PSYoungGen      total 81408K, used 6126K [0x00000000e0700000, 0x00000000e7300000, 0x0000000100000000)
  eden space 75264K, 0% used [0x00000000e0700000,0x00000000e0700000,0x00000000e5080000)
  from space 6144K, 99% used [0x00000000e6d00000,0x00000000e72fb8e8,0x00000000e7300000)
  to   space 7680K, 0% used [0x00000000e6400000,0x00000000e6400000,0x00000000e6b80000)
 ParOldGen       total 44544K, used 7754K [0x00000000a1400000, 0x00000000a3f80000, 0x00000000e0700000)
  object space 44544K, 17% used [0x00000000a1400000,0x00000000a1b928d8,0x00000000a3f80000)
 Metaspace       used 25942K, capacity 27070K, committed 27392K, reserved 1073152K
  class space    used 3242K, capacity 3519K, committed 3584K, reserved 1048576K
}

