<?xml version="1.0" encoding="UTF-8"?>
<testng-results skipped="0" failed="0" ignored="0" total="5" passed="5">
  <reporter-output>
  </reporter-output>
  <suite name="Default suite" duration-ms="46046" started-at="2023-03-17T13:08:00 IST" finished-at="2023-03-17T13:08:46 IST">
    <groups>
      <group name="cucumber">
        <method signature="AbstractTestNGCucumberTests.runScenario(io.cucumber.testng.PickleWrapper,io.cucumber.testng.FeatureWrapper)[pri:0, instance:runners.DemoBlazeRunner@24a35978]" name="runScenario" class="io.cucumber.testng.AbstractTestNGCucumberTests"/>
      </group> <!-- cucumber -->
    </groups>
    <test name="Default test" duration-ms="46046" started-at="2023-03-17T13:08:00 IST" finished-at="2023-03-17T13:08:46 IST">
      <class name="runners.DemoBlazeRunner">
        <test-method status="PASS" signature="setUpClass(org.testng.ITestContext)[pri:0, instance:runners.DemoBlazeRunner@24a35978]" name="setUpClass" is-config="true" duration-ms="7475" started-at="2023-03-17T13:08:00 IST" finished-at="2023-03-17T13:08:07 IST">
          <params>
            <param index="0">
              <value>
                <![CDATA[org.testng.TestRunner@440e3ce6]]>
              </value>
            </param>
          </params>
          <reporter-output>
          </reporter-output>
        </test-method> <!-- setUpClass -->
        <test-method status="PASS" signature="runScenario(io.cucumber.testng.PickleWrapper,io.cucumber.testng.FeatureWrapper)[pri:0, instance:runners.DemoBlazeRunner@24a35978]" name="runScenario" duration-ms="2810" started-at="2023-03-17T13:08:07 IST" description="Runs Cucumber Scenarios" data-provider="scenarios" finished-at="2023-03-17T13:08:10 IST">
          <params>
            <param index="0">
              <value>
                <![CDATA["Login into App"]]>
              </value>
            </param>
            <param index="1">
              <value>
                <![CDATA["DemoBlaze Run feature"]]>
              </value>
            </param>
          </params>
          <reporter-output>
          </reporter-output>
        </test-method> <!-- runScenario -->
        <test-method status="PASS" signature="runScenario(io.cucumber.testng.PickleWrapper,io.cucumber.testng.FeatureWrapper)[pri:0, instance:runners.DemoBlazeRunner@24a35978]" name="runScenario" duration-ms="7333" started-at="2023-03-17T13:08:10 IST" description="Runs Cucumber Scenarios" data-provider="scenarios" finished-at="2023-03-17T13:08:18 IST">
          <params>
            <param index="0">
              <value>
                <![CDATA["Add items to cart"]]>
              </value>
            </param>
            <param index="1">
              <value>
                <![CDATA["DemoBlaze Run feature"]]>
              </value>
            </param>
          </params>
          <reporter-output>
          </reporter-output>
        </test-method> <!-- runScenario -->
        <test-method status="PASS" signature="runScenario(io.cucumber.testng.PickleWrapper,io.cucumber.testng.FeatureWrapper)[pri:0, instance:runners.DemoBlazeRunner@24a35978]" name="runScenario" duration-ms="7932" started-at="2023-03-17T13:08:18 IST" description="Runs Cucumber Scenarios" data-provider="scenarios" finished-at="2023-03-17T13:08:26 IST">
          <params>
            <param index="0">
              <value>
                <![CDATA["Add items to cart"]]>
              </value>
            </param>
            <param index="1">
              <value>
                <![CDATA["DemoBlaze Run feature"]]>
              </value>
            </param>
          </params>
          <reporter-output>
          </reporter-output>
        </test-method> <!-- runScenario -->
        <test-method status="PASS" signature="runScenario(io.cucumber.testng.PickleWrapper,io.cucumber.testng.FeatureWrapper)[pri:0, instance:runners.DemoBlazeRunner@24a35978]" name="runScenario" duration-ms="5377" started-at="2023-03-17T13:08:26 IST" description="Runs Cucumber Scenarios" data-provider="scenarios" finished-at="2023-03-17T13:08:31 IST">
          <params>
            <param index="0">
              <value>
                <![CDATA["Delete an item"]]>
              </value>
            </param>
            <param index="1">
              <value>
                <![CDATA["DemoBlaze Run feature"]]>
              </value>
            </param>
          </params>
          <reporter-output>
          </reporter-output>
        </test-method> <!-- runScenario -->
        <test-method status="PASS" signature="runScenario(io.cucumber.testng.PickleWrapper,io.cucumber.testng.FeatureWrapper)[pri:0, instance:runners.DemoBlazeRunner@24a35978]" name="runScenario" duration-ms="10118" started-at="2023-03-17T13:08:31 IST" description="Runs Cucumber Scenarios" data-provider="scenarios" finished-at="2023-03-17T13:08:41 IST">
          <params>
            <param index="0">
              <value>
                <![CDATA["Purchase"]]>
              </value>
            </param>
            <param index="1">
              <value>
                <![CDATA["DemoBlaze Run feature"]]>
              </value>
            </param>
          </params>
          <reporter-output>
          </reporter-output>
        </test-method> <!-- runScenario -->
        <test-method status="PASS" signature="tearDownClass()[pri:0, instance:runners.DemoBlazeRunner@24a35978]" name="tearDownClass" is-config="true" duration-ms="4951" started-at="2023-03-17T13:08:41 IST" finished-at="2023-03-17T13:08:46 IST">
          <reporter-output>
          </reporter-output>
        </test-method> <!-- tearDownClass -->
      </class> <!-- runners.DemoBlazeRunner -->
    </test> <!-- Default test -->
  </suite> <!-- Default suite -->
</testng-results>
